[2m2024-09-14T07:57:59.945438Z[0m [32m INFO[0m [2mlibsql::replication::remote_client[0m[2m:[0m Attempting to perform handshake with primary.
[2m2024-09-14T07:58:00.018073Z[0m [33m WARN[0m [2mlibsql::replication::remote_client[0m[2m:[0m Frames prefetching failed because of new session token returned by handshake
(1, 'Product 1', 10.0)
(2, 'Product 1', 10.0)
(3, 'Product 2', 20.0)
(4, 'Product 1', 10.0)
(5, 'Product 2', 20.0)
(6, 'Product 1', 10.0)
(7, 'Product 2', 20.0)
(8, 'Sample Product', 19.99)
(9, 'Product 1', 10.0)
(10, 'Product 2', 20.0)
(11, 'Product 1', 10.0)
(12, 'Product 2', 20.0)
(13, 'Product 1', 10.0)
(14, 'Product 2', 20.0)
(15, 'Product 1', 10.0)
(16, 'Product 2', 20.0)
(17, 'Product 1', 10.0)
(18, 'Product 2', 20.0)
(19, 'Product 1', 10.0)
(20, 'Product 2', 20.0)
(21, 'Product 1', 10.0)
(22, 'Product 2', 20.0)
(23, 'Product 1', 10.0)
(24, 'Product 2', 20.0)
(25, 'Product 1', 10.0)
(26, 'Product 2', 20.0)
(27, 'Product 1', 10.0)
(28, 'Product 2', 20.0)
(29, 'Product 1', 10.0)
(30, 'Product 2', 20.0)
(31, 'Product 1', 10.0)
(32, 'Product 2', 20.0)
(33, 'Product 1', 10.0)
(34, 'Product 2', 20.0)
(35, 'Product 1', 10.0)
(36, 'Product 2', 20.0)
(37, 'Product 1', 10.0)
(38, 'Product 2', 20.0)
(39, 'Product 1', 10.0)
(40, 'Product 2', 20.0)
(41, 'Product 1', 10.0)
(42, 'Product 2', 20.0)
(43, 'Sample Product', 19.99)
(44, 'Laptop', 999.99)
(45, 'Smartphone', 499.99)
(46, 'Headphones', 79.99)
(47, 'Monitor', 199.99)
(48, 'Keyboard', 49.99)
(49, 'Mouse', 29.99)
(50, 'Tablet', 299.99)
(51, 'Laptop', 999.99)
(52, 'Smartphone', 499.99)
(53, 'Headphones', 79.99)
(54, 'Monitor', 199.99)
(55, 'Keyboard', 49.99)
(56, 'Mouse', 29.99)
(57, 'Tablet', 299.99)
(58, 'Smartwatch', 199.99)
(59, 'Camera', 599.99)
(60, 'Printer', 149.99)
(61, 'Iphone', 19.99)
(62, 'Iphone', 19.99)
(63, 'Iphone', 19.99)
(64, 'Pixel', 19.99)
(65, 'Acer', 19.99)
(66, 'Ear Phones', 10.0)
(67, 'Keyboard', 20.0)
(68, 'Telivision', 100.0)
(69, 'Projector', 205.0)
(70, 'Pixel 9', 100.0)
(71, 'Pixel 9 Pro', 150.0)
